<?xml version="1.0" encoding="UTF-8"?>
<!-- Generated by org.testng.reporters.JUnitXMLReporter -->
<testsuite ignored="0" hostname="DESKTOP-IC2NU4G" failures="0" tests="1" name="testChrome" time="0.074" errors="0" timestamp="2022-11-11T01:26:14 PST">
  <testcase classname="testCases.TestBaseForPractice" name="@BeforeClass setUp" time="-1.668158774737E9">
    <failure type="org.testng.TestNGException" message="
Parameter &amp;apos;borwser&amp;apos; is required by BeforeClass on method setUp but has not been marked @Optional or defined
in C:\Users\nasir\eclipse-workspace\testNG.Project\practice.xml">
      <![CDATA[org.testng.TestNGException: 
Parameter 'borwser' is required by BeforeClass on method setUp but has not been marked @Optional or defined
in C:\Users\nasir\eclipse-workspace\testNG.Project\practice.xml
at java.base/java.util.ArrayList.forEach(ArrayList.java:1511)
... Removed 22 stack frames]]>
    </failure>
  </testcase> <!-- @BeforeClass setUp -->
  <testcase classname="testCases.TestBaseForPractice" name="@AfterClass tearDown" time="0.0">
    <skipped/>
  </testcase> <!-- @AfterClass tearDown -->
  <testcase classname="testCases.TC_001AccountRegisterPractice" name="test_Account_regestration" time="0.0">
    <skipped/>
  </testcase> <!-- test_Account_regestration -->
</testsuite> <!-- testChrome -->
